<?xml version="1.0" encoding="UTF-8"?>
<!-- Generated by org.testng.reporters.JUnitReportReporter -->
<testsuite hostname="DESKTOP-1U92PBD" failures="0" tests="1" name="TwoArray.FiltetArray" time="0.014" errors="0" timestamp="2022-12-07T16:14:11 CST" skipped="0">
  <testcase classname="TwoArray.FiltetArray" name="testing3" time="0.014"/>
  <system-out/>
</testsuite> <!-- TwoArray.FiltetArray -->
