<?xml version="1.0" encoding="UTF-8"?>
<!-- Generated by org.testng.reporters.JUnitReportReporter -->
<testsuite hostname="DESKTOP-1U92PBD" failures="0" tests="2" name="TwoArray.FilterNine" time="0.011" errors="0" timestamp="2022-12-14T15:51:21 CST" skipped="0">
  <testcase classname="TwoArray.FilterNine" name="testrun1" time="0.010"/>
  <system-out/>
  <testcase classname="TwoArray.FilterNine" name="testrun2" time="0.001"/>
  <system-out/>
</testsuite> <!-- TwoArray.FilterNine -->
